Started GET "/" for 127.0.0.1 at 2022-06-02 10:20:41 +0800
  [1m[35m (2.5ms)[0m  [1m[34mSELECT sqlite_version(*)[0m
Processing by Rails::WelcomeController#index as HTML
  Rendering /usr/local/lib/ruby/gems/2.7.0/gems/railties-7.0.3/lib/rails/templates/rails/welcome/index.html.erb
  Rendered /usr/local/lib/ruby/gems/2.7.0/gems/railties-7.0.3/lib/rails/templates/rails/welcome/index.html.erb (Duration: 2.9ms | Allocations: 683)
Completed 200 OK in 26ms (Views: 11.1ms | ActiveRecord: 0.0ms | Allocations: 6540)


Started GET "/" for 127.0.0.1 at 2022-06-06 16:24:11 +0800
  [1m[35m (1.5ms)[0m  [1m[34mSELECT sqlite_version(*)[0m
Processing by Rails::WelcomeController#index as HTML
  Rendering /usr/local/lib/ruby/gems/2.7.0/gems/railties-7.0.3/lib/rails/templates/rails/welcome/index.html.erb
  Rendered /usr/local/lib/ruby/gems/2.7.0/gems/railties-7.0.3/lib/rails/templates/rails/welcome/index.html.erb (Duration: 2.3ms | Allocations: 575)
Completed 200 OK in 16ms (Views: 6.1ms | ActiveRecord: 0.0ms | Allocations: 5227)


Started GET "/" for 127.0.0.1 at 2022-06-06 16:32:43 +0800
  [1m[35m (0.9ms)[0m  [1m[34mSELECT sqlite_version(*)[0m
Processing by Rails::WelcomeController#index as HTML
  Rendering /usr/local/lib/ruby/gems/2.7.0/gems/railties-7.0.3/lib/rails/templates/rails/welcome/index.html.erb
  Rendered /usr/local/lib/ruby/gems/2.7.0/gems/railties-7.0.3/lib/rails/templates/rails/welcome/index.html.erb (Duration: 1.7ms | Allocations: 575)
Completed 200 OK in 11ms (Views: 3.7ms | ActiveRecord: 0.0ms | Allocations: 5242)


Started GET "/articles" for 127.0.0.1 at 2022-06-06 16:33:18 +0800
Processing by ArticlesController#index as HTML
  Rendering layout layouts/application.html.erb
  Rendering articles/index.html.erb within layouts/application
  Rendered articles/index.html.erb within layouts/application (Duration: 0.4ms | Allocations: 120)
  Rendered layout layouts/application.html.erb (Duration: 892.8ms | Allocations: 99472)
Completed 200 OK in 895ms (Views: 894.4ms | ActiveRecord: 0.0ms | Allocations: 100437)


Started GET "/" for 127.0.0.1 at 2022-06-06 16:34:43 +0800
Processing by ArticlesController#index as HTML
  Rendering layout layouts/application.html.erb
  Rendering articles/index.html.erb within layouts/application
  Rendered articles/index.html.erb within layouts/application (Duration: 0.1ms | Allocations: 15)
  Rendered layout layouts/application.html.erb (Duration: 24.5ms | Allocations: 13886)
Completed 200 OK in 26ms (Views: 25.7ms | Allocations: 14519)


Started GET "/" for 127.0.0.1 at 2022-06-06 16:34:47 +0800
Processing by ArticlesController#index as HTML
  Rendering layout layouts/application.html.erb
  Rendering articles/index.html.erb within layouts/application
  Rendered articles/index.html.erb within layouts/application (Duration: 0.1ms | Allocations: 15)
  Rendered layout layouts/application.html.erb (Duration: 8.9ms | Allocations: 2390)
Completed 200 OK in 12ms (Views: 9.7ms | Allocations: 2639)


  [1m[35m (0.6ms)[0m  [1m[34mSELECT sqlite_version(*)[0m
  [1m[35m (2.3ms)[0m  [1m[35mCREATE TABLE "schema_migrations" ("version" varchar NOT NULL PRIMARY KEY)[0m
  [1m[35m (1.5ms)[0m  [1m[35mCREATE TABLE "ar_internal_metadata" ("key" varchar NOT NULL PRIMARY KEY, "value" varchar, "created_at" datetime(6) NOT NULL, "updated_at" datetime(6) NOT NULL)[0m
  [1m[36mActiveRecord::SchemaMigration Pluck (0.2ms)[0m  [1m[34mSELECT "schema_migrations"."version" FROM "schema_migrations" ORDER BY "schema_migrations"."version" ASC[0m
Migrating to CreateArticles (20220606083729)
  [1m[36mTRANSACTION (0.1ms)[0m  [1m[36mbegin transaction[0m
  [1m[35m (0.5ms)[0m  [1m[35mCREATE TABLE "articles" ("id" integer PRIMARY KEY AUTOINCREMENT NOT NULL, "title" varchar, "body" text, "created_at" datetime(6) NOT NULL, "updated_at" datetime(6) NOT NULL)[0m
  [1m[36mActiveRecord::SchemaMigration Create (0.2ms)[0m  [1m[32mINSERT INTO "schema_migrations" ("version") VALUES (?)[0m  [["version", "20220606083729"]]
  [1m[36mTRANSACTION (1.0ms)[0m  [1m[36mcommit transaction[0m
  [1m[36mActiveRecord::InternalMetadata Load (0.2ms)[0m  [1m[34mSELECT "ar_internal_metadata".* FROM "ar_internal_metadata" WHERE "ar_internal_metadata"."key" = ? LIMIT ?[0m  [["key", "environment"], ["LIMIT", 1]]
  [1m[36mTRANSACTION (0.0ms)[0m  [1m[36mbegin transaction[0m
  [1m[36mActiveRecord::InternalMetadata Create (0.3ms)[0m  [1m[32mINSERT INTO "ar_internal_metadata" ("key", "value", "created_at", "updated_at") VALUES (?, ?, ?, ?)[0m  [["key", "environment"], ["value", "development"], ["created_at", "2022-06-06 08:39:20.250503"], ["updated_at", "2022-06-06 08:39:20.250503"]]
  [1m[36mTRANSACTION (1.0ms)[0m  [1m[36mcommit transaction[0m
  [1m[35m (0.0ms)[0m  [1m[34mSELECT sqlite_version(*)[0m
  [1m[36mActiveRecord::SchemaMigration Pluck (0.1ms)[0m  [1m[34mSELECT "schema_migrations"."version" FROM "schema_migrations" ORDER BY "schema_migrations"."version" ASC[0m
  [1m[35m (0.6ms)[0m  [1m[34mSELECT sqlite_version(*)[0m
  [1m[36mTRANSACTION (0.1ms)[0m  [1m[36mbegin transaction[0m
  [1m[36mArticle Create (0.9ms)[0m  [1m[32mINSERT INTO "articles" ("title", "body", "created_at", "updated_at") VALUES (?, ?, ?, ?)[0m  [["title", "hello Rails"], ["body", "I am on rails!"], ["created_at", "2022-06-06 08:41:20.247083"], ["updated_at", "2022-06-06 08:41:20.247083"]]
  [1m[36mTRANSACTION (1.7ms)[0m  [1m[36mcommit transaction[0m
  [1m[36mArticle Load (0.3ms)[0m  [1m[34mSELECT "articles".* FROM "articles" WHERE "articles"."id" = ? LIMIT ?[0m  [["id", 1], ["LIMIT", 1]]
  [1m[36mArticle Load (0.3ms)[0m  [1m[34mSELECT "articles".* FROM "articles"[0m
Started GET "/" for 127.0.0.1 at 2022-06-06 16:46:03 +0800
  [1m[35m (0.9ms)[0m  [1m[34mSELECT sqlite_version(*)[0m
  [1m[36mActiveRecord::SchemaMigration Pluck (0.1ms)[0m  [1m[34mSELECT "schema_migrations"."version" FROM "schema_migrations" ORDER BY "schema_migrations"."version" ASC[0m
Processing by ArticlesController#index as HTML
  Rendering layout layouts/application.html.erb
  Rendering articles/index.html.erb within layouts/application
  Rendered articles/index.html.erb within layouts/application (Duration: 4.3ms | Allocations: 2565)
  Rendered layout layouts/application.html.erb (Duration: 4.5ms | Allocations: 2643)
Completed 500 Internal Server Error in 13ms (ActiveRecord: 0.0ms | Allocations: 7811)


  
ActionView::SyntaxErrorInTemplate (Encountered a syntax error while rendering template: check <h1>Articles</h1>
<ul>
    <% @articles.each do |article| %>
        <li>
            <%= article.title %>
        </li>
</ul>


):
1:    <h1>Articles</h1>
2:    <ul>
3:        <% @articles.each do |article| %>
4:            <li>
5:                <%= article.title %>
6:            </li>
7:    </ul>
  
app/views/articles/index.html.erb:11: syntax error, unexpected end-of-input, expecting `end'
app/views/articles/index.html.erb:11: syntax error, unexpected end-of-input, expecting `end'
app/views/articles/index.html.erb:11: syntax error, unexpected end-of-input, expecting `end'
app/views/articles/index.html.erb:11: syntax error, unexpected end-of-input, expecting `end'
app/views/articles/index.html.erb:11: syntax error, unexpected end-of-input, expecting `end'
app/views/articles/index.html.erb:11: syntax error, unexpected end-of-input, expecting `end'
Started GET "/" for 127.0.0.1 at 2022-06-06 16:46:35 +0800
Processing by ArticlesController#index as HTML
  Rendering layout layouts/application.html.erb
  Rendering articles/index.html.erb within layouts/application
  [1m[36mArticle Load (0.2ms)[0m  [1m[34mSELECT "articles".* FROM "articles"[0m
  ↳ app/views/articles/index.html.erb:3
  Rendered articles/index.html.erb within layouts/application (Duration: 24.0ms | Allocations: 15758)
  Rendered layout layouts/application.html.erb (Duration: 95.7ms | Allocations: 50550)
Completed 200 OK in 101ms (Views: 98.3ms | ActiveRecord: 0.8ms | Allocations: 51490)


Started GET "/show/1" for 127.0.0.1 at 2022-06-06 16:52:19 +0800
  
ActionController::RoutingError (No route matches [GET] "/show/1"):
  
Started GET "/articles/show/1" for 127.0.0.1 at 2022-06-06 16:52:42 +0800
  
ActionController::RoutingError (No route matches [GET] "/articles/show/1"):
  
Started GET "/articles/1" for 127.0.0.1 at 2022-06-06 16:52:54 +0800
Processing by ArticlesController#show as HTML
  Parameters: {"id"=>"1"}
  [1m[35m (0.1ms)[0m  [1m[34mSELECT sqlite_version(*)[0m
  ↳ app/controllers/articles_controller.rb:7:in `show'
  [1m[36mArticle Load (0.2ms)[0m  [1m[34mSELECT "articles".* FROM "articles" WHERE "articles"."id" = ? LIMIT ?[0m  [["id", 1], ["LIMIT", 1]]
  ↳ app/controllers/articles_controller.rb:7:in `show'
  Rendering layout layouts/application.html.erb
  Rendering articles/show.html.erb within layouts/application
  Rendered articles/show.html.erb within layouts/application (Duration: 0.7ms | Allocations: 137)
  Rendered layout layouts/application.html.erb (Duration: 14.5ms | Allocations: 14294)
Completed 200 OK in 25ms (Views: 16.4ms | ActiveRecord: 0.4ms | Allocations: 18915)


Started GET "/articles" for 127.0.0.1 at 2022-06-06 16:53:41 +0800
Processing by ArticlesController#index as HTML
  Rendering layout layouts/application.html.erb
  Rendering articles/index.html.erb within layouts/application
  [1m[36mArticle Load (0.2ms)[0m  [1m[34mSELECT "articles".* FROM "articles"[0m
  ↳ app/views/articles/index.html.erb:4
  Rendered articles/index.html.erb within layouts/application (Duration: 2.4ms | Allocations: 751)
  Rendered layout layouts/application.html.erb (Duration: 7.2ms | Allocations: 3355)
Completed 200 OK in 11ms (Views: 9.2ms | ActiveRecord: 0.2ms | Allocations: 4286)


Started GET "/articles/1" for 127.0.0.1 at 2022-06-06 16:53:43 +0800
Processing by ArticlesController#show as HTML
  Parameters: {"id"=>"1"}
  [1m[36mArticle Load (0.2ms)[0m  [1m[34mSELECT "articles".* FROM "articles" WHERE "articles"."id" = ? LIMIT ?[0m  [["id", 1], ["LIMIT", 1]]
  ↳ app/controllers/articles_controller.rb:7:in `show'
  Rendering layout layouts/application.html.erb
  Rendering articles/show.html.erb within layouts/application
  Rendered articles/show.html.erb within layouts/application (Duration: 0.6ms | Allocations: 133)
  Rendered layout layouts/application.html.erb (Duration: 3.7ms | Allocations: 2533)
Completed 200 OK in 7ms (Views: 4.2ms | ActiveRecord: 0.2ms | Allocations: 3286)


Started GET "/articles" for 127.0.0.1 at 2022-06-06 16:57:22 +0800
Processing by ArticlesController#index as HTML
  Rendering layout layouts/application.html.erb
  Rendering articles/index.html.erb within layouts/application
  [1m[35m (0.0ms)[0m  [1m[34mSELECT sqlite_version(*)[0m
  ↳ app/views/articles/index.html.erb:4
  [1m[36mArticle Load (0.1ms)[0m  [1m[34mSELECT "articles".* FROM "articles"[0m
  ↳ app/views/articles/index.html.erb:4
  Rendered articles/index.html.erb within layouts/application (Duration: 4.2ms | Allocations: 2518)
  Rendered layout layouts/application.html.erb (Duration: 20.9ms | Allocations: 16630)
Completed 200 OK in 25ms (Views: 22.5ms | ActiveRecord: 0.8ms | Allocations: 17908)


Started GET "/articles/1" for 127.0.0.1 at 2022-06-06 16:57:24 +0800
Processing by ArticlesController#show as HTML
  Parameters: {"id"=>"1"}
  [1m[36mArticle Load (0.2ms)[0m  [1m[34mSELECT "articles".* FROM "articles" WHERE "articles"."id" = ? LIMIT ?[0m  [["id", 1], ["LIMIT", 1]]
  ↳ app/controllers/articles_controller.rb:7:in `show'
  Rendering layout layouts/application.html.erb
  Rendering articles/show.html.erb within layouts/application
  Rendered articles/show.html.erb within layouts/application (Duration: 0.6ms | Allocations: 133)
  Rendered layout layouts/application.html.erb (Duration: 3.7ms | Allocations: 2509)
Completed 200 OK in 8ms (Views: 4.3ms | ActiveRecord: 0.2ms | Allocations: 3803)


Started GET "/articles" for 127.0.0.1 at 2022-06-06 16:57:27 +0800
Processing by ArticlesController#index as HTML
  Rendering layout layouts/application.html.erb
  Rendering articles/index.html.erb within layouts/application
  [1m[36mArticle Load (0.3ms)[0m  [1m[34mSELECT "articles".* FROM "articles"[0m
  ↳ app/views/articles/index.html.erb:4
  Rendered articles/index.html.erb within layouts/application (Duration: 3.2ms | Allocations: 555)
  Rendered layout layouts/application.html.erb (Duration: 9.7ms | Allocations: 2937)
Completed 200 OK in 12ms (Views: 10.2ms | ActiveRecord: 0.3ms | Allocations: 3200)


Started GET "/" for 127.0.0.1 at 2022-06-06 16:57:33 +0800
Processing by ArticlesController#index as HTML
  Rendering layout layouts/application.html.erb
  Rendering articles/index.html.erb within layouts/application
  [1m[36mArticle Load (0.2ms)[0m  [1m[34mSELECT "articles".* FROM "articles"[0m
  ↳ app/views/articles/index.html.erb:4
  Rendered articles/index.html.erb within layouts/application (Duration: 2.2ms | Allocations: 558)
  Rendered layout layouts/application.html.erb (Duration: 6.5ms | Allocations: 2937)
Completed 200 OK in 8ms (Views: 7.0ms | ActiveRecord: 0.2ms | Allocations: 3200)


Started GET "/" for 127.0.0.1 at 2022-06-06 16:58:18 +0800
Processing by ArticlesController#index as HTML
  Rendering layout layouts/application.html.erb
  Rendering articles/index.html.erb within layouts/application
  [1m[36mArticle Load (0.1ms)[0m  [1m[34mSELECT "articles".* FROM "articles"[0m
  ↳ app/views/articles/index.html.erb:4
  Rendered articles/index.html.erb within layouts/application (Duration: 5.0ms | Allocations: 761)
  Rendered layout layouts/application.html.erb (Duration: 9.5ms | Allocations: 3385)
Completed 200 OK in 13ms (Views: 11.4ms | ActiveRecord: 0.1ms | Allocations: 4307)


Started GET "/" for 127.0.0.1 at 2022-06-06 16:58:22 +0800
Processing by ArticlesController#index as HTML
  Rendering layout layouts/application.html.erb
  Rendering articles/index.html.erb within layouts/application
  [1m[36mArticle Load (0.1ms)[0m  [1m[34mSELECT "articles".* FROM "articles"[0m
  ↳ app/views/articles/index.html.erb:4
  Rendered articles/index.html.erb within layouts/application (Duration: 1.2ms | Allocations: 578)
  Rendered layout layouts/application.html.erb (Duration: 5.0ms | Allocations: 2951)
Completed 200 OK in 6ms (Views: 5.5ms | ActiveRecord: 0.1ms | Allocations: 3214)


Started GET "/articles/1" for 127.0.0.1 at 2022-06-06 16:58:23 +0800
Processing by ArticlesController#show as HTML
  Parameters: {"id"=>"1"}
  [1m[36mArticle Load (0.2ms)[0m  [1m[34mSELECT "articles".* FROM "articles" WHERE "articles"."id" = ? LIMIT ?[0m  [["id", 1], ["LIMIT", 1]]
  ↳ app/controllers/articles_controller.rb:7:in `show'
  Rendering layout layouts/application.html.erb
  Rendering articles/show.html.erb within layouts/application
  Rendered articles/show.html.erb within layouts/application (Duration: 0.6ms | Allocations: 136)
  Rendered layout layouts/application.html.erb (Duration: 5.6ms | Allocations: 2530)
Completed 200 OK in 8ms (Views: 6.1ms | ActiveRecord: 0.2ms | Allocations: 3282)


Started GET "/" for 127.0.0.1 at 2022-06-06 17:16:22 +0800
Processing by ArticlesController#index as HTML
  Rendering layout layouts/application.html.erb
  Rendering articles/index.html.erb within layouts/application
  [1m[35m (0.1ms)[0m  [1m[34mSELECT sqlite_version(*)[0m
  ↳ app/views/articles/index.html.erb:4
  [1m[36mArticle Load (0.3ms)[0m  [1m[34mSELECT "articles".* FROM "articles"[0m
  ↳ app/views/articles/index.html.erb:4
  Rendered articles/index.html.erb within layouts/application (Duration: 5.4ms | Allocations: 2223)
  Rendered layout layouts/application.html.erb (Duration: 24.7ms | Allocations: 16394)
Completed 200 OK in 30ms (Views: 26.9ms | ActiveRecord: 0.5ms | Allocations: 17852)


Started GET "/articles/new" for 127.0.0.1 at 2022-06-06 17:16:24 +0800
Processing by ArticlesController#new as HTML
  Rendering layout layouts/application.html.erb
  Rendering articles/new.html.erb within layouts/application
  Rendered articles/new.html.erb within layouts/application (Duration: 22.3ms | Allocations: 4743)
  Rendered layout layouts/application.html.erb (Duration: 25.3ms | Allocations: 6992)
Completed 200 OK in 27ms (Views: 25.8ms | ActiveRecord: 0.0ms | Allocations: 7322)


Started POST "/articles" for 127.0.0.1 at 2022-06-06 17:16:42 +0800
Processing by ArticlesController#create as TURBO_STREAM
  Parameters: {"authenticity_token"=>"[FILTERED]", "article"=>{"title"=>"good", "body"=>"nobody but you"}, "commit"=>"Create Article"}
  [1m[36mTRANSACTION (0.1ms)[0m  [1m[36mbegin transaction[0m
  ↳ app/controllers/articles_controller.rb:16:in `create'
  [1m[36mArticle Create (0.7ms)[0m  [1m[32mINSERT INTO "articles" ("title", "body", "created_at", "updated_at") VALUES (?, ?, ?, ?)[0m  [["title", "good"], ["body", "nobody but you"], ["created_at", "2022-06-06 09:16:42.212439"], ["updated_at", "2022-06-06 09:16:42.212439"]]
  ↳ app/controllers/articles_controller.rb:16:in `create'
  [1m[36mTRANSACTION (1.2ms)[0m  [1m[36mcommit transaction[0m
  ↳ app/controllers/articles_controller.rb:16:in `create'
Redirected to http://127.0.0.1:3000/articles/2
Completed 302 Found in 7ms (ActiveRecord: 2.0ms | Allocations: 2737)


Started GET "/articles/2" for 127.0.0.1 at 2022-06-06 17:16:42 +0800
Processing by ArticlesController#show as TURBO_STREAM
  Parameters: {"id"=>"2"}
  [1m[36mArticle Load (0.2ms)[0m  [1m[34mSELECT "articles".* FROM "articles" WHERE "articles"."id" = ? LIMIT ?[0m  [["id", 2], ["LIMIT", 1]]
  ↳ app/controllers/articles_controller.rb:7:in `show'
  Rendering layout layouts/application.html.erb
  Rendering articles/show.html.erb within layouts/application
  Rendered articles/show.html.erb within layouts/application (Duration: 0.5ms | Allocations: 136)
  Rendered layout layouts/application.html.erb (Duration: 3.6ms | Allocations: 2556)
Completed 200 OK in 6ms (Views: 4.1ms | ActiveRecord: 0.2ms | Allocations: 3896)


Started GET "/articles/2" for 127.0.0.1 at 2022-06-06 17:17:22 +0800
Processing by ArticlesController#show as HTML
  Parameters: {"id"=>"2"}
  [1m[36mArticle Load (0.2ms)[0m  [1m[34mSELECT "articles".* FROM "articles" WHERE "articles"."id" = ? LIMIT ?[0m  [["id", 2], ["LIMIT", 1]]
  ↳ app/controllers/articles_controller.rb:7:in `show'
  Rendering layout layouts/application.html.erb
  Rendering articles/show.html.erb within layouts/application
  Rendered articles/show.html.erb within layouts/application (Duration: 0.6ms | Allocations: 151)
  Rendered layout layouts/application.html.erb (Duration: 5.4ms | Allocations: 2761)
Completed 200 OK in 30ms (Views: 7.5ms | ActiveRecord: 0.2ms | Allocations: 4114)


Started GET "/" for 127.0.0.1 at 2022-06-06 17:29:45 +0800
Processing by ArticlesController#index as HTML
  Rendering layout layouts/application.html.erb
  Rendering articles/index.html.erb within layouts/application
  [1m[35m (0.1ms)[0m  [1m[34mSELECT sqlite_version(*)[0m
  ↳ app/views/articles/index.html.erb:4
  [1m[36mArticle Load (0.1ms)[0m  [1m[34mSELECT "articles".* FROM "articles"[0m
  ↳ app/views/articles/index.html.erb:4
  Rendered articles/index.html.erb within layouts/application (Duration: 4.2ms | Allocations: 2230)
  Rendered layout layouts/application.html.erb (Duration: 25.0ms | Allocations: 16427)
Completed 200 OK in 29ms (Views: 26.5ms | ActiveRecord: 0.4ms | Allocations: 17848)


Started GET "/articles/new" for 127.0.0.1 at 2022-06-06 17:29:57 +0800
Processing by ArticlesController#new as HTML
  Rendering layout layouts/application.html.erb
  Rendering articles/new.html.erb within layouts/application
  Rendered articles/_form.html.erb (Duration: 3.0ms | Allocations: 1351)
  Rendered articles/new.html.erb within layouts/application (Duration: 5.0ms | Allocations: 1610)
  Rendered layout layouts/application.html.erb (Duration: 8.1ms | Allocations: 3854)
Completed 200 OK in 10ms (Views: 8.7ms | ActiveRecord: 0.0ms | Allocations: 4176)


Started POST "/articles" for 127.0.0.1 at 2022-06-06 17:30:24 +0800
Processing by ArticlesController#create as TURBO_STREAM
  Parameters: {"authenticity_token"=>"[FILTERED]", "article"=>{"title"=>"good", "body"=>"high high hopes for a living"}, "commit"=>"Create Article"}
  [1m[36mTRANSACTION (0.1ms)[0m  [1m[36mbegin transaction[0m
  ↳ app/controllers/articles_controller.rb:16:in `create'
  [1m[36mArticle Create (0.6ms)[0m  [1m[32mINSERT INTO "articles" ("title", "body", "created_at", "updated_at") VALUES (?, ?, ?, ?)[0m  [["title", "good"], ["body", "high high hopes for a living"], ["created_at", "2022-06-06 09:30:24.199343"], ["updated_at", "2022-06-06 09:30:24.199343"]]
  ↳ app/controllers/articles_controller.rb:16:in `create'
  [1m[36mTRANSACTION (1.3ms)[0m  [1m[36mcommit transaction[0m
  ↳ app/controllers/articles_controller.rb:16:in `create'
Redirected to http://127.0.0.1:3000/articles/3
Completed 302 Found in 7ms (ActiveRecord: 1.9ms | Allocations: 2105)


Started GET "/articles/3" for 127.0.0.1 at 2022-06-06 17:30:24 +0800
Processing by ArticlesController#show as TURBO_STREAM
  Parameters: {"id"=>"3"}
  [1m[36mArticle Load (0.2ms)[0m  [1m[34mSELECT "articles".* FROM "articles" WHERE "articles"."id" = ? LIMIT ?[0m  [["id", 3], ["LIMIT", 1]]
  ↳ app/controllers/articles_controller.rb:7:in `show'
  Rendering layout layouts/application.html.erb
  Rendering articles/show.html.erb within layouts/application
  Rendered articles/show.html.erb within layouts/application (Duration: 0.6ms | Allocations: 226)
  Rendered layout layouts/application.html.erb (Duration: 3.7ms | Allocations: 2636)
Completed 200 OK in 6ms (Views: 4.1ms | ActiveRecord: 0.2ms | Allocations: 3979)


Started GET "/articles/3/edit" for 127.0.0.1 at 2022-06-06 17:30:28 +0800
Processing by ArticlesController#edit as HTML
  Parameters: {"id"=>"3"}
  [1m[36mArticle Load (0.2ms)[0m  [1m[34mSELECT "articles".* FROM "articles" WHERE "articles"."id" = ? LIMIT ?[0m  [["id", 3], ["LIMIT", 1]]
  ↳ app/controllers/articles_controller.rb:26:in `edit'
  Rendering layout layouts/application.html.erb
  Rendering articles/edit.html.erb within layouts/application
  Rendered articles/_form.html.erb (Duration: 1.8ms | Allocations: 1101)
  Rendered articles/edit.html.erb within layouts/application (Duration: 2.9ms | Allocations: 1298)
  Rendered layout layouts/application.html.erb (Duration: 6.2ms | Allocations: 3531)
Completed 200 OK in 10ms (Views: 6.8ms | ActiveRecord: 0.2ms | Allocations: 4284)


Started PATCH "/articles/3" for 127.0.0.1 at 2022-06-06 17:31:02 +0800
Processing by ArticlesController#update as TURBO_STREAM
  Parameters: {"authenticity_token"=>"[FILTERED]", "article"=>{"title"=>"good", "body"=>"high high hopes for a living"}, "commit"=>"Update Article", "id"=>"3"}
Completed 500 Internal Server Error in 3ms (ActiveRecord: 0.0ms | Allocations: 1437)


  
NoMethodError (undefined method `find' for Object:Class):
  
app/controllers/articles_controller.rb:30:in `update'
Started GET "/articles/3/edit" for 127.0.0.1 at 2022-06-06 17:31:21 +0800
Processing by ArticlesController#edit as HTML
  Parameters: {"id"=>"3"}
  [1m[35m (0.0ms)[0m  [1m[34mSELECT sqlite_version(*)[0m
  ↳ app/controllers/articles_controller.rb:26:in `edit'
  [1m[36mArticle Load (0.1ms)[0m  [1m[34mSELECT "articles".* FROM "articles" WHERE "articles"."id" = ? LIMIT ?[0m  [["id", 3], ["LIMIT", 1]]
  ↳ app/controllers/articles_controller.rb:26:in `edit'
  Rendering layout layouts/application.html.erb
  Rendering articles/edit.html.erb within layouts/application
  Rendered articles/_form.html.erb (Duration: 1.5ms | Allocations: 1095)
  Rendered articles/edit.html.erb within layouts/application (Duration: 1.7ms | Allocations: 1166)
  Rendered layout layouts/application.html.erb (Duration: 13.3ms | Allocations: 14973)
Completed 200 OK in 21ms (Views: 14.4ms | ActiveRecord: 0.9ms | Allocations: 18767)


Started PATCH "/articles/3" for 127.0.0.1 at 2022-06-06 17:31:23 +0800
Processing by ArticlesController#update as TURBO_STREAM
  Parameters: {"authenticity_token"=>"[FILTERED]", "article"=>{"title"=>"good", "body"=>"high high hopes for a living"}, "commit"=>"Update Article", "id"=>"3"}
  [1m[36mArticle Load (0.2ms)[0m  [1m[34mSELECT "articles".* FROM "articles" WHERE "articles"."id" = ? LIMIT ?[0m  [["id", 3], ["LIMIT", 1]]
  ↳ app/controllers/articles_controller.rb:30:in `update'
Completed 500 Internal Server Error in 14ms (ActiveRecord: 0.2ms | Allocations: 3498)


  
NoMethodError (undefined method `update_attributes' for #<Article:0x00007fd729994618>
Did you mean?  update_attribute):
  
app/controllers/articles_controller.rb:31:in `update'
Started GET "/articles/3/edit" for 127.0.0.1 at 2022-06-06 17:31:38 +0800
Processing by ArticlesController#edit as HTML
  Parameters: {"id"=>"3"}
  [1m[35m (0.1ms)[0m  [1m[34mSELECT sqlite_version(*)[0m
  ↳ app/controllers/articles_controller.rb:26:in `edit'
  [1m[36mArticle Load (0.1ms)[0m  [1m[34mSELECT "articles".* FROM "articles" WHERE "articles"."id" = ? LIMIT ?[0m  [["id", 3], ["LIMIT", 1]]
  ↳ app/controllers/articles_controller.rb:26:in `edit'
  Rendering layout layouts/application.html.erb
  Rendering articles/edit.html.erb within layouts/application
  Rendered articles/_form.html.erb (Duration: 1.9ms | Allocations: 1089)
  Rendered articles/edit.html.erb within layouts/application (Duration: 2.1ms | Allocations: 1160)
  Rendered layout layouts/application.html.erb (Duration: 13.3ms | Allocations: 14967)
Completed 200 OK in 21ms (Views: 14.5ms | ActiveRecord: 1.0ms | Allocations: 18790)


Started PATCH "/articles/3" for 127.0.0.1 at 2022-06-06 17:31:39 +0800
Processing by ArticlesController#update as TURBO_STREAM
  Parameters: {"authenticity_token"=>"[FILTERED]", "article"=>{"title"=>"good", "body"=>"high high hopes for a living"}, "commit"=>"Update Article", "id"=>"3"}
  [1m[36mArticle Load (0.2ms)[0m  [1m[34mSELECT "articles".* FROM "articles" WHERE "articles"."id" = ? LIMIT ?[0m  [["id", 3], ["LIMIT", 1]]
  ↳ app/controllers/articles_controller.rb:30:in `update'
Redirected to http://127.0.0.1:3000/articles/3
Completed 302 Found in 4ms (ActiveRecord: 0.2ms | Allocations: 1133)


Started GET "/articles/3" for 127.0.0.1 at 2022-06-06 17:31:39 +0800
Processing by ArticlesController#show as TURBO_STREAM
  Parameters: {"id"=>"3"}
  [1m[36mArticle Load (0.2ms)[0m  [1m[34mSELECT "articles".* FROM "articles" WHERE "articles"."id" = ? LIMIT ?[0m  [["id", 3], ["LIMIT", 1]]
  ↳ app/controllers/articles_controller.rb:7:in `show'
  Rendering layout layouts/application.html.erb
  Rendering articles/show.html.erb within layouts/application
  Rendered articles/show.html.erb within layouts/application (Duration: 0.2ms | Allocations: 62)
  Rendered layout layouts/application.html.erb (Duration: 3.3ms | Allocations: 2455)
Completed 200 OK in 5ms (Views: 3.8ms | ActiveRecord: 0.2ms | Allocations: 3157)


Started GET "/articles/3/edit" for 127.0.0.1 at 2022-06-06 17:31:43 +0800
Processing by ArticlesController#edit as HTML
  Parameters: {"id"=>"3"}
  [1m[36mArticle Load (0.2ms)[0m  [1m[34mSELECT "articles".* FROM "articles" WHERE "articles"."id" = ? LIMIT ?[0m  [["id", 3], ["LIMIT", 1]]
  ↳ app/controllers/articles_controller.rb:26:in `edit'
  Rendering layout layouts/application.html.erb
  Rendering articles/edit.html.erb within layouts/application
  Rendered articles/_form.html.erb (Duration: 1.7ms | Allocations: 1073)
  Rendered articles/edit.html.erb within layouts/application (Duration: 1.9ms | Allocations: 1144)
  Rendered layout layouts/application.html.erb (Duration: 5.3ms | Allocations: 3368)
Completed 200 OK in 8ms (Views: 6.0ms | ActiveRecord: 0.2ms | Allocations: 4065)


Started PATCH "/articles/3" for 127.0.0.1 at 2022-06-06 17:31:49 +0800
Processing by ArticlesController#update as TURBO_STREAM
  Parameters: {"authenticity_token"=>"[FILTERED]", "article"=>{"title"=>"good", "body"=>"high high hopes for a living;"}, "commit"=>"Update Article", "id"=>"3"}
  [1m[36mArticle Load (0.2ms)[0m  [1m[34mSELECT "articles".* FROM "articles" WHERE "articles"."id" = ? LIMIT ?[0m  [["id", 3], ["LIMIT", 1]]
  ↳ app/controllers/articles_controller.rb:30:in `update'
  [1m[36mTRANSACTION (0.1ms)[0m  [1m[36mbegin transaction[0m
  ↳ app/controllers/articles_controller.rb:31:in `update'
  [1m[36mArticle Update (0.5ms)[0m  [1m[33mUPDATE "articles" SET "body" = ?, "updated_at" = ? WHERE "articles"."id" = ?[0m  [["body", "high high hopes for a living;"], ["updated_at", "2022-06-06 09:31:49.330891"], ["id", 3]]
  ↳ app/controllers/articles_controller.rb:31:in `update'
  [1m[36mTRANSACTION (1.1ms)[0m  [1m[36mcommit transaction[0m
  ↳ app/controllers/articles_controller.rb:31:in `update'
Redirected to http://127.0.0.1:3000/articles/3
Completed 302 Found in 9ms (ActiveRecord: 1.8ms | Allocations: 2559)


Started GET "/articles/3" for 127.0.0.1 at 2022-06-06 17:31:49 +0800
Processing by ArticlesController#show as TURBO_STREAM
  Parameters: {"id"=>"3"}
  [1m[36mArticle Load (0.2ms)[0m  [1m[34mSELECT "articles".* FROM "articles" WHERE "articles"."id" = ? LIMIT ?[0m  [["id", 3], ["LIMIT", 1]]
  ↳ app/controllers/articles_controller.rb:7:in `show'
  Rendering layout layouts/application.html.erb
  Rendering articles/show.html.erb within layouts/application
  Rendered articles/show.html.erb within layouts/application (Duration: 0.2ms | Allocations: 59)
  Rendered layout layouts/application.html.erb (Duration: 3.3ms | Allocations: 2458)
Completed 200 OK in 5ms (Views: 3.7ms | ActiveRecord: 0.2ms | Allocations: 3158)


